<?xml version="1.0" encoding="UTF-8"?>
<testng-results skipped="0" failed="0" ignored="0" total="1" passed="1">
  <reporter-output>
  </reporter-output>
  <suite name="Default suite" duration-ms="285747" started-at="2018-03-01T13:56:08Z" finished-at="2018-03-01T14:00:54Z">
    <groups>
    </groups>
    <test name="Default test" duration-ms="285747" started-at="2018-03-01T13:56:08Z" finished-at="2018-03-01T14:00:54Z">
      <class name="com.Merchant.MoneyTransfer.AddBeneficiary">
        <test-method status="PASS" signature="Testskip()[pri:0, instance:com.Merchant.MoneyTransfer.AddBeneficiary@22ffa91a]" name="Testskip" is-config="true" duration-ms="30" started-at="2018-03-01T13:56:08Z" finished-at="2018-03-01T13:56:08Z">
          <reporter-output>
          </reporter-output>
        </test-method> <!-- Testskip -->
        <test-method status="PASS" signature="GasRecharge(java.util.Hashtable)[pri:0, instance:com.Merchant.MoneyTransfer.AddBeneficiary@22ffa91a]" name="GasRecharge" duration-ms="285313" started-at="2018-03-01T13:56:08Z" data-provider="getData" finished-at="2018-03-01T14:00:54Z">
          <params>
            <param index="0">
              <value>
                <![CDATA[{Account No=195905000005, Actual Result=, Username=9819042543, Result=, Search=9967903705, Runmode=Y, Bank Name=icici, BenNumber=9322304397, Error=, Amount=100, Password=yn7Fa4}]]>
              </value>
            </param>
          </params>
          <reporter-output>
          </reporter-output>
        </test-method> <!-- GasRecharge -->
        <test-method status="PASS" signature="reporter()[pri:0, instance:com.Merchant.MoneyTransfer.AddBeneficiary@22ffa91a]" name="reporter" is-config="true" duration-ms="255" started-at="2018-03-01T14:00:54Z" finished-at="2018-03-01T14:00:54Z">
          <reporter-output>
          </reporter-output>
        </test-method> <!-- reporter -->
        <test-method status="PASS" signature="reportTestResult()[pri:0, instance:com.Merchant.MoneyTransfer.AddBeneficiary@22ffa91a]" name="reportTestResult" is-config="true" duration-ms="101" started-at="2018-03-01T14:00:54Z" finished-at="2018-03-01T14:00:54Z">
          <reporter-output>
          </reporter-output>
        </test-method> <!-- reportTestResult -->
      </class> <!-- com.Merchant.MoneyTransfer.AddBeneficiary -->
    </test> <!-- Default test -->
  </suite> <!-- Default suite -->
</testng-results>
