<?xml version="1.0" encoding="UTF-8"?>
<!-- Generated by org.testng.reporters.JUnitXMLReporter -->
<testsuite hostname="pay1lap51" ignored="0" name="Adding Remitter" tests="1" failures="0" timestamp="04 Mar 2018 07:35:21 GMT" time="1.415" errors="0">
  <testcase name="@BeforeTest Testskip" time="1.352" classname="com.Merchant.MoneyTransfer.AddRemitter">
    <skipped/>
  </testcase> <!-- @BeforeTest Testskip -->
  <testcase name="@AfterMethod reporter" time="0.0" classname="com.Merchant.MoneyTransfer.AddRemitter">
    <skipped/>
  </testcase> <!-- @AfterMethod reporter -->
  <testcase name="@AfterTest reportTestResult" time="0.0" classname="com.Merchant.MoneyTransfer.AddRemitter">
    <skipped/>
  </testcase> <!-- @AfterTest reportTestResult -->
  <testcase name="GasRecharge" time="0.0" classname="com.Merchant.MoneyTransfer.AddRemitter">
    <skipped/>
  </testcase> <!-- GasRecharge -->
</testsuite> <!-- Adding Remitter -->
