<?xml version="1.0" encoding="UTF-8"?>
<!-- Generated by org.testng.reporters.JUnitXMLReporter -->
<testsuite hostname="pay1lap51" ignored="0" name="Delete Remitter" tests="0" failures="0" timestamp="04 Mar 2018 10:21:35 GMT" time="75.74" errors="0">
  <testcase name="@BeforeTest Testskip" time="75.722" classname="com.Merchant.MoneyTransfer.DeleteRemitter">
    <skipped/>
  </testcase> <!-- @BeforeTest Testskip -->
  <testcase name="@AfterTest reportTestResult" time="0.0" classname="com.Merchant.MoneyTransfer.DeleteRemitter">
    <skipped/>
  </testcase> <!-- @AfterTest reportTestResult -->
</testsuite> <!-- Delete Remitter -->
