<?xml version="1.0" encoding="UTF-8"?>
<!-- Generated by org.testng.reporters.JUnitXMLReporter -->
<testsuite hostname="pay1lap51" ignored="0" name="Post Paid Recharge" tests="1" failures="0" timestamp="09 Feb 2018 07:56:58 GMT" time="0.017" errors="0">
  <testcase name="@BeforeTest Testskip" time="0.001" classname="com.Merchant.Recharge.PostpaidRecharge">
    <failure type="java.lang.NullPointerException">
      <![CDATA[java.lang.NullPointerExceptionat com.Merchant.Recharge.PostpaidRecharge.Testskip(PostpaidRecharge.java:38)... Removed 24 stack frames]]>
    </failure>
  </testcase> <!-- @BeforeTest Testskip -->
  <testcase name="@AfterMethod reporter" time="0.0" classname="com.Merchant.Recharge.PostpaidRecharge">
    <skipped/>
  </testcase> <!-- @AfterMethod reporter -->
  <testcase name="@AfterTest reportTestResult" time="0.0" classname="com.Merchant.Recharge.PostpaidRecharge">
    <skipped/>
  </testcase> <!-- @AfterTest reportTestResult -->
  <testcase name="mobileRecharge" time="0.0" classname="com.Merchant.Recharge.PostpaidRecharge">
    <skipped/>
  </testcase> <!-- mobileRecharge -->
</testsuite> <!-- Post Paid Recharge -->
