<?xml version="1.0" encoding="UTF-8"?>
<!-- Generated by org.testng.reporters.JUnitXMLReporter -->
<testsuite hostname="pay1lap51" ignored="0" name="Prepaid Recharge" tests="2" failures="2" timestamp="09 Feb 2018 07:56:58 GMT" time="32.698" errors="0">
  <testcase name="mobileRecharge" time="29.316" classname="com.Merchant.Recharge.PrepaidRecharge">
    <failure type="java.lang.NullPointerException">
      <![CDATA[java.lang.NullPointerExceptionat com.Merchant.Recharge.PrepaidRecharge.mobileRecharge(PrepaidRecharge.java:64)... Removed 25 stack frames]]>
    </failure>
  </testcase> <!-- mobileRecharge -->
  <testcase name="mobileRecharge" time="3.036" classname="com.Merchant.Recharge.PrepaidRecharge">
    <failure type="java.lang.NullPointerException">
      <![CDATA[java.lang.NullPointerExceptionat com.Merchant.Recharge.PrepaidRecharge.mobileRecharge(PrepaidRecharge.java:64)... Removed 25 stack frames]]>
    </failure>
  </testcase> <!-- mobileRecharge -->
</testsuite> <!-- Prepaid Recharge -->
