<?xml version="1.0" encoding="UTF-8"?>
<!-- Generated by org.testng.reporters.JUnitXMLReporter -->
<testsuite hostname="pay1lap51" ignored="0" name="Post Paid Recharge" tests="1" failures="0" timestamp="02 Mar 2018 09:26:28 GMT" time="0.178" errors="0">
  <testcase name="@BeforeTest Testskip" time="0.153" classname="com.Merchant.Recharge.PostpaidRecharge">
    <skipped/>
  </testcase> <!-- @BeforeTest Testskip -->
  <testcase name="@AfterMethod reporter" time="0.0" classname="com.Merchant.Recharge.PostpaidRecharge">
    <skipped/>
  </testcase> <!-- @AfterMethod reporter -->
  <testcase name="@AfterTest reportTestResult" time="0.0" classname="com.Merchant.Recharge.PostpaidRecharge">
    <skipped/>
  </testcase> <!-- @AfterTest reportTestResult -->
  <testcase name="mobileRecharge" time="0.0" classname="com.Merchant.Recharge.PostpaidRecharge">
    <skipped/>
  </testcase> <!-- mobileRecharge -->
</testsuite> <!-- Post Paid Recharge -->
