<?xml version="1.0" encoding="UTF-8"?>
<!-- Generated by org.testng.reporters.JUnitXMLReporter -->
<testsuite hostname="pay1lap51" ignored="0" name="Water Recharge" tests="1" failures="1" timestamp="02 Mar 2018 10:28:49 GMT" time="401.472" errors="0">
  <testcase name="WaterRecharge" time="400.825" classname="com.Merchant.Water.DelhiJalBoardRecharge">
    <failure type="org.openqa.selenium.NoSuchSessionException" message="A session is either terminated or not started (WARNING: The server did not provide any stacktrace information)
Command duration or timeout: 0 milliseconds
Build info: version: &amp;apos;3.8.1&amp;apos;, revision: &amp;apos;6e95a6684b&amp;apos;, time: &amp;apos;2017-12-01T18:33:54.468Z&amp;apos;
System info: host: &amp;apos;pay1lap51&amp;apos;, ip: &amp;apos;127.0.1.1&amp;apos;, os.name: &amp;apos;Linux&amp;apos;, os.arch: &amp;apos;amd64&amp;apos;, os.version: &amp;apos;4.4.0-116-generic&amp;apos;, java.version: &amp;apos;1.8.0_161&amp;apos;
Driver info: io.appium.java_client.android.AndroidDriver
Capabilities {appActivity: com.mindsarray.pay1.ui.intr..., appPackage: com.mindsarray.pay1, browserName: Android, databaseEnabled: false, desired: {appActivity: com.mindsarray.pay1.ui.intr..., appPackage: com.mindsarray.pay1, browserName: Android, deviceName: TOQOPBH6AYBQCIP7, platformName: Android, version: 6.0}, deviceManufacturer: LENOVO, deviceModel: Lenovo K50a40, deviceName: TOQOPBH6AYBQCIP7, deviceScreenSize: 1080x1920, deviceUDID: TOQOPBH6AYBQCIP7, javascriptEnabled: true, locationContextEnabled: false, networkConnectionEnabled: true, platform: LINUX, platformName: LINUX, platformVersion: 6.0, takesScreenshot: true, version: 6.0, warnings: {}, webStorageEnabled: false}
Session ID: cc4439d6-0068-4489-9066-e7fb97ed1bdd">
      <![CDATA[org.openqa.selenium.NoSuchSessionException: A session is either terminated or not started (WARNING: The server did not provide any stacktrace information)
Command duration or timeout: 0 milliseconds
Build info: version: '3.8.1', revision: '6e95a6684b', time: '2017-12-01T18:33:54.468Z'
System info: host: 'pay1lap51', ip: '127.0.1.1', os.name: 'Linux', os.arch: 'amd64', os.version: '4.4.0-116-generic', java.version: '1.8.0_161'
Driver info: io.appium.java_client.android.AndroidDriver
Capabilities {appActivity: com.mindsarray.pay1.ui.intr..., appPackage: com.mindsarray.pay1, browserName: Android, databaseEnabled: false, desired: {appActivity: com.mindsarray.pay1.ui.intr..., appPackage: com.mindsarray.pay1, browserName: Android, deviceName: TOQOPBH6AYBQCIP7, platformName: Android, version: 6.0}, deviceManufacturer: LENOVO, deviceModel: Lenovo K50a40, deviceName: TOQOPBH6AYBQCIP7, deviceScreenSize: 1080x1920, deviceUDID: TOQOPBH6AYBQCIP7, javascriptEnabled: true, locationContextEnabled: false, networkConnectionEnabled: true, platform: LINUX, platformName: LINUX, platformVersion: 6.0, takesScreenshot: true, version: 6.0, warnings: {}, webStorageEnabled: false}
Session ID: cc4439d6-0068-4489-9066-e7fb97ed1bdd
at org.openqa.selenium.remote.ErrorHandler.createThrowable(ErrorHandler.java:214)
at org.openqa.selenium.remote.ErrorHandler.throwIfResponseFailed(ErrorHandler.java:166)
at org.openqa.selenium.remote.http.JsonHttpResponseCodec.reconstructValue(JsonHttpResponseCodec.java:40)
at org.openqa.selenium.remote.http.AbstractHttpResponseCodec.decode(AbstractHttpResponseCodec.java:80)
at org.openqa.selenium.remote.http.AbstractHttpResponseCodec.decode(AbstractHttpResponseCodec.java:44)
at org.openqa.selenium.remote.HttpCommandExecutor.execute(HttpCommandExecutor.java:164)
at io.appium.java_client.remote.AppiumCommandExecutor.execute(AppiumCommandExecutor.java:89)
at org.openqa.selenium.remote.RemoteWebDriver.execute(RemoteWebDriver.java:601)
at io.appium.java_client.DefaultGenericMobileDriver.execute(DefaultGenericMobileDriver.java:46)
at io.appium.java_client.AppiumDriver.execute(AppiumDriver.java:1)
at io.appium.java_client.android.AndroidDriver.execute(AndroidDriver.java:1)
at org.openqa.selenium.remote.RemoteWebDriver.getScreenshotAs(RemoteWebDriver.java:343)
at Utility.Utility.takeScreenShot(Utility.java:166)
at com.Merchant.Login.RetailerLogin.getLogin(RetailerLogin.java:88)
at com.Merchant.Water.DelhiJalBoardRecharge.WaterRecharge(DelhiJalBoardRecharge.java:74)
... Removed 29 stack frames]]>
    </failure>
  </testcase> <!-- WaterRecharge -->
</testsuite> <!-- Water Recharge -->
